<?xml version="1.0" encoding="UTF-8"?>
<testsuite xmlns:xsi="http://www.w3.org/2001/XMLSchema-instance" xsi:noNamespaceSchemaLocation="https://maven.apache.org/surefire/maven-surefire-plugin/xsd/surefire-test-report.xsd" version="3.0.2" name="com.capstone.practice_pal_engine.PracticePalEngineApplicationTests" time="0.033" tests="1" errors="0" skipped="0" failures="0">
  <properties>
    <property name="java.specification.version" value="17"/>
    <property name="sun.jnu.encoding" value="UTF-8"/>
    <property name="java.class.path" value="/home/joel/HIT/HIT 400/Prototype/practice_pal_engine/target/test-classes:/home/joel/HIT/HIT 400/Prototype/practice_pal_engine/target/classes:/home/joel/.m2/repository/org/springframework/boot/spring-boot-starter-data-jpa/3.4.4/spring-boot-starter-data-jpa-3.4.4.jar:/home/joel/.m2/repository/org/springframework/boot/spring-boot-starter/3.4.4/spring-boot-starter-3.4.4.jar:/home/joel/.m2/repository/org/springframework/boot/spring-boot/3.4.4/spring-boot-3.4.4.jar:/home/joel/.m2/repository/org/springframework/boot/spring-boot-autoconfigure/3.4.4/spring-boot-autoconfigure-3.4.4.jar:/home/joel/.m2/repository/org/springframework/boot/spring-boot-starter-logging/3.4.4/spring-boot-starter-logging-3.4.4.jar:/home/joel/.m2/repository/ch/qos/logback/logback-classic/1.5.18/logback-classic-1.5.18.jar:/home/joel/.m2/repository/ch/qos/logback/logback-core/1.5.18/logback-core-1.5.18.jar:/home/joel/.m2/repository/org/apache/logging/log4j/log4j-to-slf4j/2.24.3/log4j-to-slf4j-2.24.3.jar:/home/joel/.m2/repository/org/apache/logging/log4j/log4j-api/2.24.3/log4j-api-2.24.3.jar:/home/joel/.m2/repository/org/slf4j/jul-to-slf4j/2.0.17/jul-to-slf4j-2.0.17.jar:/home/joel/.m2/repository/jakarta/annotation/jakarta.annotation-api/2.1.1/jakarta.annotation-api-2.1.1.jar:/home/joel/.m2/repository/org/yaml/snakeyaml/2.3/snakeyaml-2.3.jar:/home/joel/.m2/repository/org/springframework/boot/spring-boot-starter-jdbc/3.4.4/spring-boot-starter-jdbc-3.4.4.jar:/home/joel/.m2/repository/com/zaxxer/HikariCP/5.1.0/HikariCP-5.1.0.jar:/home/joel/.m2/repository/org/springframework/spring-jdbc/6.2.5/spring-jdbc-6.2.5.jar:/home/joel/.m2/repository/org/hibernate/orm/hibernate-core/6.6.11.Final/hibernate-core-6.6.11.Final.jar:/home/joel/.m2/repository/jakarta/persistence/jakarta.persistence-api/3.1.0/jakarta.persistence-api-3.1.0.jar:/home/joel/.m2/repository/jakarta/transaction/jakarta.transaction-api/2.0.1/jakarta.transaction-api-2.0.1.jar:/home/joel/.m2/repository/org/jboss/logging/jboss-logging/3.6.1.Final/jboss-logging-3.6.1.Final.jar:/home/joel/.m2/repository/org/hibernate/common/hibernate-commons-annotations/7.0.3.Final/hibernate-commons-annotations-7.0.3.Final.jar:/home/joel/.m2/repository/io/smallrye/jandex/3.2.0/jandex-3.2.0.jar:/home/joel/.m2/repository/com/fasterxml/classmate/1.7.0/classmate-1.7.0.jar:/home/joel/.m2/repository/net/bytebuddy/byte-buddy/1.15.11/byte-buddy-1.15.11.jar:/home/joel/.m2/repository/jakarta/xml/bind/jakarta.xml.bind-api/4.0.2/jakarta.xml.bind-api-4.0.2.jar:/home/joel/.m2/repository/org/glassfish/jaxb/jaxb-runtime/4.0.5/jaxb-runtime-4.0.5.jar:/home/joel/.m2/repository/jakarta/inject/jakarta.inject-api/2.0.1/jakarta.inject-api-2.0.1.jar:/home/joel/.m2/repository/org/antlr/antlr4-runtime/4.13.0/antlr4-runtime-4.13.0.jar:/home/joel/.m2/repository/org/springframework/data/spring-data-jpa/3.4.4/spring-data-jpa-3.4.4.jar:/home/joel/.m2/repository/org/springframework/data/spring-data-commons/3.4.4/spring-data-commons-3.4.4.jar:/home/joel/.m2/repository/org/springframework/spring-orm/6.2.5/spring-orm-6.2.5.jar:/home/joel/.m2/repository/org/springframework/spring-context/6.2.5/spring-context-6.2.5.jar:/home/joel/.m2/repository/org/springframework/spring-tx/6.2.5/spring-tx-6.2.5.jar:/home/joel/.m2/repository/org/springframework/spring-beans/6.2.5/spring-beans-6.2.5.jar:/home/joel/.m2/repository/org/springframework/spring-aspects/6.2.5/spring-aspects-6.2.5.jar:/home/joel/.m2/repository/org/aspectj/aspectjweaver/1.9.23/aspectjweaver-1.9.23.jar:/home/joel/.m2/repository/org/springframework/boot/spring-boot-starter-security/3.4.4/spring-boot-starter-security-3.4.4.jar:/home/joel/.m2/repository/org/springframework/spring-aop/6.2.5/spring-aop-6.2.5.jar:/home/joel/.m2/repository/org/springframework/security/spring-security-config/6.4.4/spring-security-config-6.4.4.jar:/home/joel/.m2/repository/org/springframework/security/spring-security-web/6.4.4/spring-security-web-6.4.4.jar:/home/joel/.m2/repository/org/springframework/spring-expression/6.2.5/spring-expression-6.2.5.jar:/home/joel/.m2/repository/org/springframework/boot/spring-boot-starter-web/3.4.4/spring-boot-starter-web-3.4.4.jar:/home/joel/.m2/repository/org/springframework/boot/spring-boot-starter-json/3.4.4/spring-boot-starter-json-3.4.4.jar:/home/joel/.m2/repository/com/fasterxml/jackson/datatype/jackson-datatype-jdk8/2.18.3/jackson-datatype-jdk8-2.18.3.jar:/home/joel/.m2/repository/com/fasterxml/jackson/datatype/jackson-datatype-jsr310/2.18.3/jackson-datatype-jsr310-2.18.3.jar:/home/joel/.m2/repository/com/fasterxml/jackson/module/jackson-module-parameter-names/2.18.3/jackson-module-parameter-names-2.18.3.jar:/home/joel/.m2/repository/org/springframework/boot/spring-boot-starter-tomcat/3.4.4/spring-boot-starter-tomcat-3.4.4.jar:/home/joel/.m2/repository/org/apache/tomcat/embed/tomcat-embed-core/10.1.39/tomcat-embed-core-10.1.39.jar:/home/joel/.m2/repository/org/apache/tomcat/embed/tomcat-embed-el/10.1.39/tomcat-embed-el-10.1.39.jar:/home/joel/.m2/repository/org/apache/tomcat/embed/tomcat-embed-websocket/10.1.39/tomcat-embed-websocket-10.1.39.jar:/home/joel/.m2/repository/org/springframework/spring-web/6.2.5/spring-web-6.2.5.jar:/home/joel/.m2/repository/io/micrometer/micrometer-observation/1.14.5/micrometer-observation-1.14.5.jar:/home/joel/.m2/repository/io/micrometer/micrometer-commons/1.14.5/micrometer-commons-1.14.5.jar:/home/joel/.m2/repository/org/springframework/spring-webmvc/6.2.5/spring-webmvc-6.2.5.jar:/home/joel/.m2/repository/org/springframework/ai/spring-ai-ollama-spring-boot-starter/1.0.0-M6/spring-ai-ollama-spring-boot-starter-1.0.0-M6.jar:/home/joel/.m2/repository/org/springframework/ai/spring-ai-spring-boot-autoconfigure/1.0.0-M6/spring-ai-spring-boot-autoconfigure-1.0.0-M6.jar:/home/joel/.m2/repository/org/springframework/ai/spring-ai-ollama/1.0.0-M6/spring-ai-ollama-1.0.0-M6.jar:/home/joel/.m2/repository/org/springframework/ai/spring-ai-core/1.0.0-M6/spring-ai-core-1.0.0-M6.jar:/home/joel/.m2/repository/com/fasterxml/jackson/module/jackson-module-jsonSchema/2.18.3/jackson-module-jsonSchema-2.18.3.jar:/home/joel/.m2/repository/javax/validation/validation-api/1.1.0.Final/validation-api-1.1.0.Final.jar:/home/joel/.m2/repository/io/swagger/core/v3/swagger-annotations/2.2.25/swagger-annotations-2.2.25.jar:/home/joel/.m2/repository/com/github/victools/jsonschema-module-swagger-2/4.37.0/jsonschema-module-swagger-2-4.37.0.jar:/home/joel/.m2/repository/org/antlr/ST4/4.3.4/ST4-4.3.4.jar:/home/joel/.m2/repository/org/antlr/antlr-runtime/3.5.3/antlr-runtime-3.5.3.jar:/home/joel/.m2/repository/io/projectreactor/reactor-core/3.7.4/reactor-core-3.7.4.jar:/home/joel/.m2/repository/org/reactivestreams/reactive-streams/1.0.4/reactive-streams-1.0.4.jar:/home/joel/.m2/repository/org/springframework/spring-messaging/6.2.5/spring-messaging-6.2.5.jar:/home/joel/.m2/repository/io/micrometer/micrometer-core/1.14.5/micrometer-core-1.14.5.jar:/home/joel/.m2/repository/org/hdrhistogram/HdrHistogram/2.2.2/HdrHistogram-2.2.2.jar:/home/joel/.m2/repository/org/latencyutils/LatencyUtils/2.0.3/LatencyUtils-2.0.3.jar:/home/joel/.m2/repository/io/micrometer/context-propagation/1.1.2/context-propagation-1.1.2.jar:/home/joel/.m2/repository/com/knuddels/jtokkit/1.1.0/jtokkit-1.1.0.jar:/home/joel/.m2/repository/com/github/victools/jsonschema-generator/4.37.0/jsonschema-generator-4.37.0.jar:/home/joel/.m2/repository/com/github/victools/jsonschema-module-jackson/4.37.0/jsonschema-module-jackson-4.37.0.jar:/home/joel/.m2/repository/org/springframework/ai/spring-ai-retry/1.0.0-M6/spring-ai-retry-1.0.0-M6.jar:/home/joel/.m2/repository/org/springframework/retry/spring-retry/2.0.11/spring-retry-2.0.11.jar:/home/joel/.m2/repository/org/springframework/spring-webflux/6.2.5/spring-webflux-6.2.5.jar:/home/joel/.m2/repository/org/postgresql/postgresql/42.7.5/postgresql-42.7.5.jar:/home/joel/.m2/repository/org/checkerframework/checker-qual/3.48.3/checker-qual-3.48.3.jar:/home/joel/.m2/repository/org/projectlombok/lombok/1.18.36/lombok-1.18.36.jar:/home/joel/.m2/repository/org/springframework/security/spring-security-test/6.4.4/spring-security-test-6.4.4.jar:/home/joel/.m2/repository/org/springframework/security/spring-security-core/6.4.4/spring-security-core-6.4.4.jar:/home/joel/.m2/repository/org/springframework/security/spring-security-crypto/6.4.4/spring-security-crypto-6.4.4.jar:/home/joel/.m2/repository/org/springframework/spring-core/6.2.5/spring-core-6.2.5.jar:/home/joel/.m2/repository/org/springframework/spring-jcl/6.2.5/spring-jcl-6.2.5.jar:/home/joel/.m2/repository/org/springframework/spring-test/6.2.5/spring-test-6.2.5.jar:/home/joel/.m2/repository/io/jsonwebtoken/jjwt-api/0.11.5/jjwt-api-0.11.5.jar:/home/joel/.m2/repository/io/jsonwebtoken/jjwt-impl/0.11.5/jjwt-impl-0.11.5.jar:/home/joel/.m2/repository/io/jsonwebtoken/jjwt-jackson/0.11.5/jjwt-jackson-0.11.5.jar:/home/joel/.m2/repository/com/fasterxml/jackson/core/jackson-databind/2.18.3/jackson-databind-2.18.3.jar:/home/joel/.m2/repository/com/fasterxml/jackson/core/jackson-annotations/2.18.3/jackson-annotations-2.18.3.jar:/home/joel/.m2/repository/com/fasterxml/jackson/core/jackson-core/2.18.3/jackson-core-2.18.3.jar:/home/joel/.m2/repository/org/springdoc/springdoc-openapi-starter-webmvc-ui/2.8.6/springdoc-openapi-starter-webmvc-ui-2.8.6.jar:/home/joel/.m2/repository/org/springdoc/springdoc-openapi-starter-webmvc-api/2.8.6/springdoc-openapi-starter-webmvc-api-2.8.6.jar:/home/joel/.m2/repository/org/springdoc/springdoc-openapi-starter-common/2.8.6/springdoc-openapi-starter-common-2.8.6.jar:/home/joel/.m2/repository/io/swagger/core/v3/swagger-core-jakarta/2.2.29/swagger-core-jakarta-2.2.29.jar:/home/joel/.m2/repository/io/swagger/core/v3/swagger-annotations-jakarta/2.2.29/swagger-annotations-jakarta-2.2.29.jar:/home/joel/.m2/repository/io/swagger/core/v3/swagger-models-jakarta/2.2.29/swagger-models-jakarta-2.2.29.jar:/home/joel/.m2/repository/jakarta/validation/jakarta.validation-api/3.0.2/jakarta.validation-api-3.0.2.jar:/home/joel/.m2/repository/com/fasterxml/jackson/dataformat/jackson-dataformat-yaml/2.18.3/jackson-dataformat-yaml-2.18.3.jar:/home/joel/.m2/repository/org/webjars/swagger-ui/5.20.1/swagger-ui-5.20.1.jar:/home/joel/.m2/repository/org/webjars/webjars-locator-lite/1.0.1/webjars-locator-lite-1.0.1.jar:/home/joel/.m2/repository/org/jspecify/jspecify/1.0.0/jspecify-1.0.0.jar:/home/joel/.m2/repository/junit/junit/4.13.2/junit-4.13.2.jar:/home/joel/.m2/repository/org/hamcrest/hamcrest-core/2.2/hamcrest-core-2.2.jar:/home/joel/.m2/repository/org/hamcrest/hamcrest/2.2/hamcrest-2.2.jar:/home/joel/.m2/repository/org/junit/jupiter/junit-jupiter/5.11.4/junit-jupiter-5.11.4.jar:/home/joel/.m2/repository/org/junit/jupiter/junit-jupiter-api/5.11.4/junit-jupiter-api-5.11.4.jar:/home/joel/.m2/repository/org/opentest4j/opentest4j/1.3.0/opentest4j-1.3.0.jar:/home/joel/.m2/repository/org/junit/platform/junit-platform-commons/1.11.4/junit-platform-commons-1.11.4.jar:/home/joel/.m2/repository/org/apiguardian/apiguardian-api/1.1.2/apiguardian-api-1.1.2.jar:/home/joel/.m2/repository/org/junit/jupiter/junit-jupiter-params/5.11.4/junit-jupiter-params-5.11.4.jar:/home/joel/.m2/repository/org/junit/jupiter/junit-jupiter-engine/5.11.4/junit-jupiter-engine-5.11.4.jar:/home/joel/.m2/repository/org/junit/platform/junit-platform-engine/1.11.4/junit-platform-engine-1.11.4.jar:/home/joel/.m2/repository/edu/stanford/nlp/stanford-corenlp/4.5.7/stanford-corenlp-4.5.7.jar:/home/joel/.m2/repository/com/apple/AppleJavaExtensions/1.4/AppleJavaExtensions-1.4.jar:/home/joel/.m2/repository/de/jollyday/jollyday/0.4.9/jollyday-0.4.9.jar:/home/joel/.m2/repository/org/apache/lucene/lucene-queryparser/7.5.0/lucene-queryparser-7.5.0.jar:/home/joel/.m2/repository/org/apache/lucene/lucene-queries/7.5.0/lucene-queries-7.5.0.jar:/home/joel/.m2/repository/org/apache/lucene/lucene-sandbox/7.5.0/lucene-sandbox-7.5.0.jar:/home/joel/.m2/repository/org/apache/lucene/lucene-analyzers-common/7.5.0/lucene-analyzers-common-7.5.0.jar:/home/joel/.m2/repository/org/apache/lucene/lucene-core/7.5.0/lucene-core-7.5.0.jar:/home/joel/.m2/repository/jakarta/servlet/jakarta.servlet-api/6.0.0/jakarta.servlet-api-6.0.0.jar:/home/joel/.m2/repository/xom/xom/1.3.9/xom-1.3.9.jar:/home/joel/.m2/repository/xerces/xercesImpl/2.12.2/xercesImpl-2.12.2.jar:/home/joel/.m2/repository/xml-apis/xml-apis/1.4.01/xml-apis-1.4.01.jar:/home/joel/.m2/repository/xalan/xalan/2.7.3/xalan-2.7.3.jar:/home/joel/.m2/repository/xalan/serializer/2.7.3/serializer-2.7.3.jar:/home/joel/.m2/repository/joda-time/joda-time/2.10.5/joda-time-2.10.5.jar:/home/joel/.m2/repository/org/ejml/ejml-core/0.39/ejml-core-0.39.jar:/home/joel/.m2/repository/com/google/code/findbugs/jsr305/3.0.2/jsr305-3.0.2.jar:/home/joel/.m2/repository/org/ejml/ejml-ddense/0.39/ejml-ddense-0.39.jar:/home/joel/.m2/repository/org/ejml/ejml-simple/0.39/ejml-simple-0.39.jar:/home/joel/.m2/repository/org/ejml/ejml-fdense/0.39/ejml-fdense-0.39.jar:/home/joel/.m2/repository/org/ejml/ejml-cdense/0.39/ejml-cdense-0.39.jar:/home/joel/.m2/repository/org/ejml/ejml-zdense/0.39/ejml-zdense-0.39.jar:/home/joel/.m2/repository/org/ejml/ejml-dsparse/0.39/ejml-dsparse-0.39.jar:/home/joel/.m2/repository/org/ejml/ejml-fsparse/0.39/ejml-fsparse-0.39.jar:/home/joel/.m2/repository/org/glassfish/javax.json/1.0.4/javax.json-1.0.4.jar:/home/joel/.m2/repository/org/slf4j/slf4j-api/2.0.17/slf4j-api-2.0.17.jar:/home/joel/.m2/repository/com/google/protobuf/protobuf-java/3.19.6/protobuf-java-3.19.6.jar:/home/joel/.m2/repository/com/sun/istack/istack-commons-runtime/4.1.2/istack-commons-runtime-4.1.2.jar:/home/joel/.m2/repository/com/sun/xml/bind/jaxb-impl/4.0.5/jaxb-impl-4.0.5.jar:/home/joel/.m2/repository/com/sun/xml/bind/jaxb-core/4.0.5/jaxb-core-4.0.5.jar:/home/joel/.m2/repository/edu/stanford/nlp/stanford-corenlp/4.5.7/stanford-corenlp-4.5.7-models.jar:/home/joel/.m2/repository/javax/xml/bind/jaxb-api/2.3.0/jaxb-api-2.3.0.jar:/home/joel/.m2/repository/org/glassfish/jaxb/jaxb-runtime/2.3.0/jaxb-runtime-2.3.0-sources.jar:/home/joel/.m2/repository/org/glassfish/jaxb/jaxb-core/4.0.5/jaxb-core-4.0.5.jar:/home/joel/.m2/repository/jakarta/activation/jakarta.activation-api/2.1.3/jakarta.activation-api-2.1.3.jar:/home/joel/.m2/repository/org/eclipse/angus/angus-activation/2.0.2/angus-activation-2.0.2.jar:/home/joel/.m2/repository/org/glassfish/jaxb/txw2/4.0.5/txw2-4.0.5.jar:/home/joel/.m2/repository/org/jvnet/staxex/stax-ex/2.1.0/stax-ex-2.1.0.jar:/home/joel/.m2/repository/com/sun/xml/fastinfoset/FastInfoset/2.1.1/FastInfoset-2.1.1.jar:/home/joel/.m2/repository/javax/activation/javax.activation-api/1.2.0/javax.activation-api-1.2.0.jar:/home/joel/.m2/repository/org/apache/opennlp/opennlp-tools/1.9.4/opennlp-tools-1.9.4.jar:/home/joel/.m2/repository/org/languagetool/language-en/6.5/language-en-6.5.jar:/home/joel/.m2/repository/edu/washington/cs/knowitall/opennlp-chunk-models/1.5/opennlp-chunk-models-1.5.jar:/home/joel/.m2/repository/edu/washington/cs/knowitall/opennlp-postag-models/1.5/opennlp-postag-models-1.5.jar:/home/joel/.m2/repository/edu/washington/cs/knowitall/opennlp-tokenize-models/1.5/opennlp-tokenize-models-1.5.jar:/home/joel/.m2/repository/org/languagetool/english-pos-dict/0.3/english-pos-dict-0.3.jar:/home/joel/.m2/repository/org/languagetool/languagetool-core/6.5/languagetool-core-6.5.jar:/home/joel/.m2/repository/com/carrotsearch/hppc/0.8.2/hppc-0.8.2.jar:/home/joel/.m2/repository/com/gitlab/dumonts/hunspell/2.1.2/hunspell-2.1.2.jar:/home/joel/.m2/repository/net/java/dev/jna/jna-platform/5.12.1/jna-platform-5.12.1.jar:/home/joel/.m2/repository/net/java/dev/jna/jna/5.12.1/jna-5.12.1.jar:/home/joel/.m2/repository/com/google/guava/guava/32.1.1-jre/guava-32.1.1-jre.jar:/home/joel/.m2/repository/com/google/guava/failureaccess/1.0.1/failureaccess-1.0.1.jar:/home/joel/.m2/repository/com/google/guava/listenablefuture/9999.0-empty-to-avoid-conflict-with-guava/listenablefuture-9999.0-empty-to-avoid-conflict-with-guava.jar:/home/joel/.m2/repository/com/google/errorprone/error_prone_annotations/2.18.0/error_prone_annotations-2.18.0.jar:/home/joel/.m2/repository/com/google/j2objc/j2objc-annotations/2.8/j2objc-annotations-2.8.jar:/home/joel/.m2/repository/com/hankcs/aho-corasick-double-array-trie/1.2.2/aho-corasick-double-array-trie-1.2.2.jar:/home/joel/.m2/repository/com/optimaize/languagedetector/language-detector/0.6/language-detector-0.6.jar:/home/joel/.m2/repository/net/arnx/jsonic/1.2.11/jsonic-1.2.11.jar:/home/joel/.m2/repository/com/intellij/annotations/12.0/annotations-12.0.jar:/home/joel/.m2/repository/commons-logging/commons-logging/1.2/commons-logging-1.2.jar:/home/joel/.m2/repository/commons-validator/commons-validator/1.7/commons-validator-1.7.jar:/home/joel/.m2/repository/commons-digester/commons-digester/2.1/commons-digester-2.1.jar:/home/joel/.m2/repository/io/github/resilience4j/resilience4j-circuitbreaker/1.7.1/resilience4j-circuitbreaker-1.7.1.jar:/home/joel/.m2/repository/io/vavr/vavr/0.10.2/vavr-0.10.2.jar:/home/joel/.m2/repository/io/vavr/vavr-match/0.10.2/vavr-match-0.10.2.jar:/home/joel/.m2/repository/io/github/resilience4j/resilience4j-core/1.7.1/resilience4j-core-1.7.1.jar:/home/joel/.m2/repository/io/github/resilience4j/resilience4j-micrometer/1.7.1/resilience4j-micrometer-1.7.1.jar:/home/joel/.m2/repository/io/opentelemetry/opentelemetry-api/1.43.0/opentelemetry-api-1.43.0.jar:/home/joel/.m2/repository/io/opentelemetry/opentelemetry-context/1.43.0/opentelemetry-context-1.43.0.jar:/home/joel/.m2/repository/io/opentelemetry/opentelemetry-semconv/1.26.0-alpha/opentelemetry-semconv-1.26.0-alpha.jar:/home/joel/.m2/repository/io/grpc/grpc-netty-shaded/1.66.0/grpc-netty-shaded-1.66.0.jar:/home/joel/.m2/repository/io/grpc/grpc-util/1.66.0/grpc-util-1.66.0.jar:/home/joel/.m2/repository/io/grpc/grpc-core/1.66.0/grpc-core-1.66.0.jar:/home/joel/.m2/repository/com/google/code/gson/gson/2.11.0/gson-2.11.0.jar:/home/joel/.m2/repository/com/google/android/annotations/4.1.1.4/annotations-4.1.1.4.jar:/home/joel/.m2/repository/io/grpc/grpc-context/1.66.0/grpc-context-1.66.0.jar:/home/joel/.m2/repository/io/perfmark/perfmark-api/0.27.0/perfmark-api-0.27.0.jar:/home/joel/.m2/repository/io/grpc/grpc-api/1.66.0/grpc-api-1.66.0.jar:/home/joel/.m2/repository/io/grpc/grpc-protobuf/1.66.0/grpc-protobuf-1.66.0.jar:/home/joel/.m2/repository/com/google/api/grpc/proto-google-common-protos/2.41.0/proto-google-common-protos-2.41.0.jar:/home/joel/.m2/repository/io/grpc/grpc-protobuf-lite/1.66.0/grpc-protobuf-lite-1.66.0.jar:/home/joel/.m2/repository/io/grpc/grpc-stub/1.66.0/grpc-stub-1.66.0.jar:/home/joel/.m2/repository/io/micrometer/micrometer-registry-prometheus/1.14.5/micrometer-registry-prometheus-1.14.5.jar:/home/joel/.m2/repository/io/prometheus/prometheus-metrics-core/1.3.6/prometheus-metrics-core-1.3.6.jar:/home/joel/.m2/repository/io/prometheus/prometheus-metrics-model/1.3.6/prometheus-metrics-model-1.3.6.jar:/home/joel/.m2/repository/io/prometheus/prometheus-metrics-config/1.3.6/prometheus-metrics-config-1.3.6.jar:/home/joel/.m2/repository/io/prometheus/prometheus-metrics-tracer-common/1.3.6/prometheus-metrics-tracer-common-1.3.6.jar:/home/joel/.m2/repository/io/prometheus/prometheus-metrics-exposition-formats/1.3.6/prometheus-metrics-exposition-formats-1.3.6.jar:/home/joel/.m2/repository/io/prometheus/prometheus-metrics-exposition-textformats/1.3.6/prometheus-metrics-exposition-textformats-1.3.6.jar:/home/joel/.m2/repository/io/prometheus/simpleclient/0.16.0/simpleclient-0.16.0.jar:/home/joel/.m2/repository/io/prometheus/simpleclient_tracer_otel/0.16.0/simpleclient_tracer_otel-0.16.0.jar:/home/joel/.m2/repository/io/prometheus/simpleclient_tracer_common/0.16.0/simpleclient_tracer_common-0.16.0.jar:/home/joel/.m2/repository/io/prometheus/simpleclient_tracer_otel_agent/0.16.0/simpleclient_tracer_otel_agent-0.16.0.jar:/home/joel/.m2/repository/io/prometheus/simpleclient_guava/0.16.0/simpleclient_guava-0.16.0.jar:/home/joel/.m2/repository/javax/annotation/javax.annotation-api/1.3.2/javax.annotation-api-1.3.2.jar:/home/joel/.m2/repository/javax/measure/unit-api/1.0/unit-api-1.0.jar:/home/joel/.m2/repository/net/loomchild/segment/2.0.1/segment-2.0.1.jar:/home/joel/.m2/repository/org/apache/commons/commons-pool2/2.12.1/commons-pool2-2.12.1.jar:/home/joel/.m2/repository/org/apache/commons/commons-text/1.10.0/commons-text-1.10.0.jar:/home/joel/.m2/repository/org/apache/lucene/lucene-backward-codecs/5.5.5/lucene-backward-codecs-5.5.5.jar:/home/joel/.m2/repository/org/carrot2/morfologik-fsa/2.1.9/morfologik-fsa-2.1.9.jar:/home/joel/.m2/repository/org/carrot2/morfologik-fsa-builders/2.1.9/morfologik-fsa-builders-2.1.9.jar:/home/joel/.m2/repository/org/carrot2/morfologik-speller/2.1.9/morfologik-speller-2.1.9.jar:/home/joel/.m2/repository/org/carrot2/morfologik-stemming/2.1.9/morfologik-stemming-2.1.9.jar:/home/joel/.m2/repository/org/jetbrains/annotations/20.1.0/annotations-20.1.0.jar:/home/joel/.m2/repository/it/unimi/dsi/fastutil-core/8.5.12/fastutil-core-8.5.12.jar:/home/joel/.m2/repository/org/json/json/20231013/json-20231013.jar:/home/joel/.m2/repository/tech/units/indriya/1.3/indriya-1.3.jar:/home/joel/.m2/repository/tech/uom/lib/uom-lib-common/1.1/uom-lib-common-1.1.jar:/home/joel/.m2/repository/edu/washington/cs/knowitall/openregex/1.1.1/openregex-1.1.1.jar:/home/joel/.m2/repository/io/github/java-diff-utils/java-diff-utils/4.12/java-diff-utils-4.12.jar:/home/joel/.m2/repository/org/apache/commons/commons-lang3/3.17.0/commons-lang3-3.17.0.jar:"/>
    <property name="java.vm.vendor" value="Ubuntu"/>
    <property name="sun.arch.data.model" value="64"/>
    <property name="java.vendor.url" value="https://ubuntu.com/"/>
    <property name="os.name" value="Linux"/>
    <property name="java.vm.specification.version" value="17"/>
    <property name="sun.java.launcher" value="SUN_STANDARD"/>
    <property name="user.country" value="ZW"/>
    <property name="sun.boot.library.path" value="/usr/lib/jvm/java-17-openjdk-amd64/lib"/>
    <property name="sun.java.command" value="/home/joel/HIT/HIT 400/Prototype/practice_pal_engine/target/surefire/surefirebooter-20250508123309966_3.jar /home/joel/HIT/HIT 400/Prototype/practice_pal_engine/target/surefire 2025-05-08T12-33-09_894-jvmRun1 surefire-20250508123309966_1tmp surefire_0-20250508123309966_2tmp"/>
    <property name="jdk.debug" value="release"/>
    <property name="surefire.test.class.path" value="/home/joel/HIT/HIT 400/Prototype/practice_pal_engine/target/test-classes:/home/joel/HIT/HIT 400/Prototype/practice_pal_engine/target/classes:/home/joel/.m2/repository/org/springframework/boot/spring-boot-starter-data-jpa/3.4.4/spring-boot-starter-data-jpa-3.4.4.jar:/home/joel/.m2/repository/org/springframework/boot/spring-boot-starter/3.4.4/spring-boot-starter-3.4.4.jar:/home/joel/.m2/repository/org/springframework/boot/spring-boot/3.4.4/spring-boot-3.4.4.jar:/home/joel/.m2/repository/org/springframework/boot/spring-boot-autoconfigure/3.4.4/spring-boot-autoconfigure-3.4.4.jar:/home/joel/.m2/repository/org/springframework/boot/spring-boot-starter-logging/3.4.4/spring-boot-starter-logging-3.4.4.jar:/home/joel/.m2/repository/ch/qos/logback/logback-classic/1.5.18/logback-classic-1.5.18.jar:/home/joel/.m2/repository/ch/qos/logback/logback-core/1.5.18/logback-core-1.5.18.jar:/home/joel/.m2/repository/org/apache/logging/log4j/log4j-to-slf4j/2.24.3/log4j-to-slf4j-2.24.3.jar:/home/joel/.m2/repository/org/apache/logging/log4j/log4j-api/2.24.3/log4j-api-2.24.3.jar:/home/joel/.m2/repository/org/slf4j/jul-to-slf4j/2.0.17/jul-to-slf4j-2.0.17.jar:/home/joel/.m2/repository/jakarta/annotation/jakarta.annotation-api/2.1.1/jakarta.annotation-api-2.1.1.jar:/home/joel/.m2/repository/org/yaml/snakeyaml/2.3/snakeyaml-2.3.jar:/home/joel/.m2/repository/org/springframework/boot/spring-boot-starter-jdbc/3.4.4/spring-boot-starter-jdbc-3.4.4.jar:/home/joel/.m2/repository/com/zaxxer/HikariCP/5.1.0/HikariCP-5.1.0.jar:/home/joel/.m2/repository/org/springframework/spring-jdbc/6.2.5/spring-jdbc-6.2.5.jar:/home/joel/.m2/repository/org/hibernate/orm/hibernate-core/6.6.11.Final/hibernate-core-6.6.11.Final.jar:/home/joel/.m2/repository/jakarta/persistence/jakarta.persistence-api/3.1.0/jakarta.persistence-api-3.1.0.jar:/home/joel/.m2/repository/jakarta/transaction/jakarta.transaction-api/2.0.1/jakarta.transaction-api-2.0.1.jar:/home/joel/.m2/repository/org/jboss/logging/jboss-logging/3.6.1.Final/jboss-logging-3.6.1.Final.jar:/home/joel/.m2/repository/org/hibernate/common/hibernate-commons-annotations/7.0.3.Final/hibernate-commons-annotations-7.0.3.Final.jar:/home/joel/.m2/repository/io/smallrye/jandex/3.2.0/jandex-3.2.0.jar:/home/joel/.m2/repository/com/fasterxml/classmate/1.7.0/classmate-1.7.0.jar:/home/joel/.m2/repository/net/bytebuddy/byte-buddy/1.15.11/byte-buddy-1.15.11.jar:/home/joel/.m2/repository/jakarta/xml/bind/jakarta.xml.bind-api/4.0.2/jakarta.xml.bind-api-4.0.2.jar:/home/joel/.m2/repository/org/glassfish/jaxb/jaxb-runtime/4.0.5/jaxb-runtime-4.0.5.jar:/home/joel/.m2/repository/jakarta/inject/jakarta.inject-api/2.0.1/jakarta.inject-api-2.0.1.jar:/home/joel/.m2/repository/org/antlr/antlr4-runtime/4.13.0/antlr4-runtime-4.13.0.jar:/home/joel/.m2/repository/org/springframework/data/spring-data-jpa/3.4.4/spring-data-jpa-3.4.4.jar:/home/joel/.m2/repository/org/springframework/data/spring-data-commons/3.4.4/spring-data-commons-3.4.4.jar:/home/joel/.m2/repository/org/springframework/spring-orm/6.2.5/spring-orm-6.2.5.jar:/home/joel/.m2/repository/org/springframework/spring-context/6.2.5/spring-context-6.2.5.jar:/home/joel/.m2/repository/org/springframework/spring-tx/6.2.5/spring-tx-6.2.5.jar:/home/joel/.m2/repository/org/springframework/spring-beans/6.2.5/spring-beans-6.2.5.jar:/home/joel/.m2/repository/org/springframework/spring-aspects/6.2.5/spring-aspects-6.2.5.jar:/home/joel/.m2/repository/org/aspectj/aspectjweaver/1.9.23/aspectjweaver-1.9.23.jar:/home/joel/.m2/repository/org/springframework/boot/spring-boot-starter-security/3.4.4/spring-boot-starter-security-3.4.4.jar:/home/joel/.m2/repository/org/springframework/spring-aop/6.2.5/spring-aop-6.2.5.jar:/home/joel/.m2/repository/org/springframework/security/spring-security-config/6.4.4/spring-security-config-6.4.4.jar:/home/joel/.m2/repository/org/springframework/security/spring-security-web/6.4.4/spring-security-web-6.4.4.jar:/home/joel/.m2/repository/org/springframework/spring-expression/6.2.5/spring-expression-6.2.5.jar:/home/joel/.m2/repository/org/springframework/boot/spring-boot-starter-web/3.4.4/spring-boot-starter-web-3.4.4.jar:/home/joel/.m2/repository/org/springframework/boot/spring-boot-starter-json/3.4.4/spring-boot-starter-json-3.4.4.jar:/home/joel/.m2/repository/com/fasterxml/jackson/datatype/jackson-datatype-jdk8/2.18.3/jackson-datatype-jdk8-2.18.3.jar:/home/joel/.m2/repository/com/fasterxml/jackson/datatype/jackson-datatype-jsr310/2.18.3/jackson-datatype-jsr310-2.18.3.jar:/home/joel/.m2/repository/com/fasterxml/jackson/module/jackson-module-parameter-names/2.18.3/jackson-module-parameter-names-2.18.3.jar:/home/joel/.m2/repository/org/springframework/boot/spring-boot-starter-tomcat/3.4.4/spring-boot-starter-tomcat-3.4.4.jar:/home/joel/.m2/repository/org/apache/tomcat/embed/tomcat-embed-core/10.1.39/tomcat-embed-core-10.1.39.jar:/home/joel/.m2/repository/org/apache/tomcat/embed/tomcat-embed-el/10.1.39/tomcat-embed-el-10.1.39.jar:/home/joel/.m2/repository/org/apache/tomcat/embed/tomcat-embed-websocket/10.1.39/tomcat-embed-websocket-10.1.39.jar:/home/joel/.m2/repository/org/springframework/spring-web/6.2.5/spring-web-6.2.5.jar:/home/joel/.m2/repository/io/micrometer/micrometer-observation/1.14.5/micrometer-observation-1.14.5.jar:/home/joel/.m2/repository/io/micrometer/micrometer-commons/1.14.5/micrometer-commons-1.14.5.jar:/home/joel/.m2/repository/org/springframework/spring-webmvc/6.2.5/spring-webmvc-6.2.5.jar:/home/joel/.m2/repository/org/springframework/ai/spring-ai-ollama-spring-boot-starter/1.0.0-M6/spring-ai-ollama-spring-boot-starter-1.0.0-M6.jar:/home/joel/.m2/repository/org/springframework/ai/spring-ai-spring-boot-autoconfigure/1.0.0-M6/spring-ai-spring-boot-autoconfigure-1.0.0-M6.jar:/home/joel/.m2/repository/org/springframework/ai/spring-ai-ollama/1.0.0-M6/spring-ai-ollama-1.0.0-M6.jar:/home/joel/.m2/repository/org/springframework/ai/spring-ai-core/1.0.0-M6/spring-ai-core-1.0.0-M6.jar:/home/joel/.m2/repository/com/fasterxml/jackson/module/jackson-module-jsonSchema/2.18.3/jackson-module-jsonSchema-2.18.3.jar:/home/joel/.m2/repository/javax/validation/validation-api/1.1.0.Final/validation-api-1.1.0.Final.jar:/home/joel/.m2/repository/io/swagger/core/v3/swagger-annotations/2.2.25/swagger-annotations-2.2.25.jar:/home/joel/.m2/repository/com/github/victools/jsonschema-module-swagger-2/4.37.0/jsonschema-module-swagger-2-4.37.0.jar:/home/joel/.m2/repository/org/antlr/ST4/4.3.4/ST4-4.3.4.jar:/home/joel/.m2/repository/org/antlr/antlr-runtime/3.5.3/antlr-runtime-3.5.3.jar:/home/joel/.m2/repository/io/projectreactor/reactor-core/3.7.4/reactor-core-3.7.4.jar:/home/joel/.m2/repository/org/reactivestreams/reactive-streams/1.0.4/reactive-streams-1.0.4.jar:/home/joel/.m2/repository/org/springframework/spring-messaging/6.2.5/spring-messaging-6.2.5.jar:/home/joel/.m2/repository/io/micrometer/micrometer-core/1.14.5/micrometer-core-1.14.5.jar:/home/joel/.m2/repository/org/hdrhistogram/HdrHistogram/2.2.2/HdrHistogram-2.2.2.jar:/home/joel/.m2/repository/org/latencyutils/LatencyUtils/2.0.3/LatencyUtils-2.0.3.jar:/home/joel/.m2/repository/io/micrometer/context-propagation/1.1.2/context-propagation-1.1.2.jar:/home/joel/.m2/repository/com/knuddels/jtokkit/1.1.0/jtokkit-1.1.0.jar:/home/joel/.m2/repository/com/github/victools/jsonschema-generator/4.37.0/jsonschema-generator-4.37.0.jar:/home/joel/.m2/repository/com/github/victools/jsonschema-module-jackson/4.37.0/jsonschema-module-jackson-4.37.0.jar:/home/joel/.m2/repository/org/springframework/ai/spring-ai-retry/1.0.0-M6/spring-ai-retry-1.0.0-M6.jar:/home/joel/.m2/repository/org/springframework/retry/spring-retry/2.0.11/spring-retry-2.0.11.jar:/home/joel/.m2/repository/org/springframework/spring-webflux/6.2.5/spring-webflux-6.2.5.jar:/home/joel/.m2/repository/org/postgresql/postgresql/42.7.5/postgresql-42.7.5.jar:/home/joel/.m2/repository/org/checkerframework/checker-qual/3.48.3/checker-qual-3.48.3.jar:/home/joel/.m2/repository/org/projectlombok/lombok/1.18.36/lombok-1.18.36.jar:/home/joel/.m2/repository/org/springframework/security/spring-security-test/6.4.4/spring-security-test-6.4.4.jar:/home/joel/.m2/repository/org/springframework/security/spring-security-core/6.4.4/spring-security-core-6.4.4.jar:/home/joel/.m2/repository/org/springframework/security/spring-security-crypto/6.4.4/spring-security-crypto-6.4.4.jar:/home/joel/.m2/repository/org/springframework/spring-core/6.2.5/spring-core-6.2.5.jar:/home/joel/.m2/repository/org/springframework/spring-jcl/6.2.5/spring-jcl-6.2.5.jar:/home/joel/.m2/repository/org/springframework/spring-test/6.2.5/spring-test-6.2.5.jar:/home/joel/.m2/repository/io/jsonwebtoken/jjwt-api/0.11.5/jjwt-api-0.11.5.jar:/home/joel/.m2/repository/io/jsonwebtoken/jjwt-impl/0.11.5/jjwt-impl-0.11.5.jar:/home/joel/.m2/repository/io/jsonwebtoken/jjwt-jackson/0.11.5/jjwt-jackson-0.11.5.jar:/home/joel/.m2/repository/com/fasterxml/jackson/core/jackson-databind/2.18.3/jackson-databind-2.18.3.jar:/home/joel/.m2/repository/com/fasterxml/jackson/core/jackson-annotations/2.18.3/jackson-annotations-2.18.3.jar:/home/joel/.m2/repository/com/fasterxml/jackson/core/jackson-core/2.18.3/jackson-core-2.18.3.jar:/home/joel/.m2/repository/org/springdoc/springdoc-openapi-starter-webmvc-ui/2.8.6/springdoc-openapi-starter-webmvc-ui-2.8.6.jar:/home/joel/.m2/repository/org/springdoc/springdoc-openapi-starter-webmvc-api/2.8.6/springdoc-openapi-starter-webmvc-api-2.8.6.jar:/home/joel/.m2/repository/org/springdoc/springdoc-openapi-starter-common/2.8.6/springdoc-openapi-starter-common-2.8.6.jar:/home/joel/.m2/repository/io/swagger/core/v3/swagger-core-jakarta/2.2.29/swagger-core-jakarta-2.2.29.jar:/home/joel/.m2/repository/io/swagger/core/v3/swagger-annotations-jakarta/2.2.29/swagger-annotations-jakarta-2.2.29.jar:/home/joel/.m2/repository/io/swagger/core/v3/swagger-models-jakarta/2.2.29/swagger-models-jakarta-2.2.29.jar:/home/joel/.m2/repository/jakarta/validation/jakarta.validation-api/3.0.2/jakarta.validation-api-3.0.2.jar:/home/joel/.m2/repository/com/fasterxml/jackson/dataformat/jackson-dataformat-yaml/2.18.3/jackson-dataformat-yaml-2.18.3.jar:/home/joel/.m2/repository/org/webjars/swagger-ui/5.20.1/swagger-ui-5.20.1.jar:/home/joel/.m2/repository/org/webjars/webjars-locator-lite/1.0.1/webjars-locator-lite-1.0.1.jar:/home/joel/.m2/repository/org/jspecify/jspecify/1.0.0/jspecify-1.0.0.jar:/home/joel/.m2/repository/junit/junit/4.13.2/junit-4.13.2.jar:/home/joel/.m2/repository/org/hamcrest/hamcrest-core/2.2/hamcrest-core-2.2.jar:/home/joel/.m2/repository/org/hamcrest/hamcrest/2.2/hamcrest-2.2.jar:/home/joel/.m2/repository/org/junit/jupiter/junit-jupiter/5.11.4/junit-jupiter-5.11.4.jar:/home/joel/.m2/repository/org/junit/jupiter/junit-jupiter-api/5.11.4/junit-jupiter-api-5.11.4.jar:/home/joel/.m2/repository/org/opentest4j/opentest4j/1.3.0/opentest4j-1.3.0.jar:/home/joel/.m2/repository/org/junit/platform/junit-platform-commons/1.11.4/junit-platform-commons-1.11.4.jar:/home/joel/.m2/repository/org/apiguardian/apiguardian-api/1.1.2/apiguardian-api-1.1.2.jar:/home/joel/.m2/repository/org/junit/jupiter/junit-jupiter-params/5.11.4/junit-jupiter-params-5.11.4.jar:/home/joel/.m2/repository/org/junit/jupiter/junit-jupiter-engine/5.11.4/junit-jupiter-engine-5.11.4.jar:/home/joel/.m2/repository/org/junit/platform/junit-platform-engine/1.11.4/junit-platform-engine-1.11.4.jar:/home/joel/.m2/repository/edu/stanford/nlp/stanford-corenlp/4.5.7/stanford-corenlp-4.5.7.jar:/home/joel/.m2/repository/com/apple/AppleJavaExtensions/1.4/AppleJavaExtensions-1.4.jar:/home/joel/.m2/repository/de/jollyday/jollyday/0.4.9/jollyday-0.4.9.jar:/home/joel/.m2/repository/org/apache/lucene/lucene-queryparser/7.5.0/lucene-queryparser-7.5.0.jar:/home/joel/.m2/repository/org/apache/lucene/lucene-queries/7.5.0/lucene-queries-7.5.0.jar:/home/joel/.m2/repository/org/apache/lucene/lucene-sandbox/7.5.0/lucene-sandbox-7.5.0.jar:/home/joel/.m2/repository/org/apache/lucene/lucene-analyzers-common/7.5.0/lucene-analyzers-common-7.5.0.jar:/home/joel/.m2/repository/org/apache/lucene/lucene-core/7.5.0/lucene-core-7.5.0.jar:/home/joel/.m2/repository/jakarta/servlet/jakarta.servlet-api/6.0.0/jakarta.servlet-api-6.0.0.jar:/home/joel/.m2/repository/xom/xom/1.3.9/xom-1.3.9.jar:/home/joel/.m2/repository/xerces/xercesImpl/2.12.2/xercesImpl-2.12.2.jar:/home/joel/.m2/repository/xml-apis/xml-apis/1.4.01/xml-apis-1.4.01.jar:/home/joel/.m2/repository/xalan/xalan/2.7.3/xalan-2.7.3.jar:/home/joel/.m2/repository/xalan/serializer/2.7.3/serializer-2.7.3.jar:/home/joel/.m2/repository/joda-time/joda-time/2.10.5/joda-time-2.10.5.jar:/home/joel/.m2/repository/org/ejml/ejml-core/0.39/ejml-core-0.39.jar:/home/joel/.m2/repository/com/google/code/findbugs/jsr305/3.0.2/jsr305-3.0.2.jar:/home/joel/.m2/repository/org/ejml/ejml-ddense/0.39/ejml-ddense-0.39.jar:/home/joel/.m2/repository/org/ejml/ejml-simple/0.39/ejml-simple-0.39.jar:/home/joel/.m2/repository/org/ejml/ejml-fdense/0.39/ejml-fdense-0.39.jar:/home/joel/.m2/repository/org/ejml/ejml-cdense/0.39/ejml-cdense-0.39.jar:/home/joel/.m2/repository/org/ejml/ejml-zdense/0.39/ejml-zdense-0.39.jar:/home/joel/.m2/repository/org/ejml/ejml-dsparse/0.39/ejml-dsparse-0.39.jar:/home/joel/.m2/repository/org/ejml/ejml-fsparse/0.39/ejml-fsparse-0.39.jar:/home/joel/.m2/repository/org/glassfish/javax.json/1.0.4/javax.json-1.0.4.jar:/home/joel/.m2/repository/org/slf4j/slf4j-api/2.0.17/slf4j-api-2.0.17.jar:/home/joel/.m2/repository/com/google/protobuf/protobuf-java/3.19.6/protobuf-java-3.19.6.jar:/home/joel/.m2/repository/com/sun/istack/istack-commons-runtime/4.1.2/istack-commons-runtime-4.1.2.jar:/home/joel/.m2/repository/com/sun/xml/bind/jaxb-impl/4.0.5/jaxb-impl-4.0.5.jar:/home/joel/.m2/repository/com/sun/xml/bind/jaxb-core/4.0.5/jaxb-core-4.0.5.jar:/home/joel/.m2/repository/edu/stanford/nlp/stanford-corenlp/4.5.7/stanford-corenlp-4.5.7-models.jar:/home/joel/.m2/repository/javax/xml/bind/jaxb-api/2.3.0/jaxb-api-2.3.0.jar:/home/joel/.m2/repository/org/glassfish/jaxb/jaxb-runtime/2.3.0/jaxb-runtime-2.3.0-sources.jar:/home/joel/.m2/repository/org/glassfish/jaxb/jaxb-core/4.0.5/jaxb-core-4.0.5.jar:/home/joel/.m2/repository/jakarta/activation/jakarta.activation-api/2.1.3/jakarta.activation-api-2.1.3.jar:/home/joel/.m2/repository/org/eclipse/angus/angus-activation/2.0.2/angus-activation-2.0.2.jar:/home/joel/.m2/repository/org/glassfish/jaxb/txw2/4.0.5/txw2-4.0.5.jar:/home/joel/.m2/repository/org/jvnet/staxex/stax-ex/2.1.0/stax-ex-2.1.0.jar:/home/joel/.m2/repository/com/sun/xml/fastinfoset/FastInfoset/2.1.1/FastInfoset-2.1.1.jar:/home/joel/.m2/repository/javax/activation/javax.activation-api/1.2.0/javax.activation-api-1.2.0.jar:/home/joel/.m2/repository/org/apache/opennlp/opennlp-tools/1.9.4/opennlp-tools-1.9.4.jar:/home/joel/.m2/repository/org/languagetool/language-en/6.5/language-en-6.5.jar:/home/joel/.m2/repository/edu/washington/cs/knowitall/opennlp-chunk-models/1.5/opennlp-chunk-models-1.5.jar:/home/joel/.m2/repository/edu/washington/cs/knowitall/opennlp-postag-models/1.5/opennlp-postag-models-1.5.jar:/home/joel/.m2/repository/edu/washington/cs/knowitall/opennlp-tokenize-models/1.5/opennlp-tokenize-models-1.5.jar:/home/joel/.m2/repository/org/languagetool/english-pos-dict/0.3/english-pos-dict-0.3.jar:/home/joel/.m2/repository/org/languagetool/languagetool-core/6.5/languagetool-core-6.5.jar:/home/joel/.m2/repository/com/carrotsearch/hppc/0.8.2/hppc-0.8.2.jar:/home/joel/.m2/repository/com/gitlab/dumonts/hunspell/2.1.2/hunspell-2.1.2.jar:/home/joel/.m2/repository/net/java/dev/jna/jna-platform/5.12.1/jna-platform-5.12.1.jar:/home/joel/.m2/repository/net/java/dev/jna/jna/5.12.1/jna-5.12.1.jar:/home/joel/.m2/repository/com/google/guava/guava/32.1.1-jre/guava-32.1.1-jre.jar:/home/joel/.m2/repository/com/google/guava/failureaccess/1.0.1/failureaccess-1.0.1.jar:/home/joel/.m2/repository/com/google/guava/listenablefuture/9999.0-empty-to-avoid-conflict-with-guava/listenablefuture-9999.0-empty-to-avoid-conflict-with-guava.jar:/home/joel/.m2/repository/com/google/errorprone/error_prone_annotations/2.18.0/error_prone_annotations-2.18.0.jar:/home/joel/.m2/repository/com/google/j2objc/j2objc-annotations/2.8/j2objc-annotations-2.8.jar:/home/joel/.m2/repository/com/hankcs/aho-corasick-double-array-trie/1.2.2/aho-corasick-double-array-trie-1.2.2.jar:/home/joel/.m2/repository/com/optimaize/languagedetector/language-detector/0.6/language-detector-0.6.jar:/home/joel/.m2/repository/net/arnx/jsonic/1.2.11/jsonic-1.2.11.jar:/home/joel/.m2/repository/com/intellij/annotations/12.0/annotations-12.0.jar:/home/joel/.m2/repository/commons-logging/commons-logging/1.2/commons-logging-1.2.jar:/home/joel/.m2/repository/commons-validator/commons-validator/1.7/commons-validator-1.7.jar:/home/joel/.m2/repository/commons-digester/commons-digester/2.1/commons-digester-2.1.jar:/home/joel/.m2/repository/io/github/resilience4j/resilience4j-circuitbreaker/1.7.1/resilience4j-circuitbreaker-1.7.1.jar:/home/joel/.m2/repository/io/vavr/vavr/0.10.2/vavr-0.10.2.jar:/home/joel/.m2/repository/io/vavr/vavr-match/0.10.2/vavr-match-0.10.2.jar:/home/joel/.m2/repository/io/github/resilience4j/resilience4j-core/1.7.1/resilience4j-core-1.7.1.jar:/home/joel/.m2/repository/io/github/resilience4j/resilience4j-micrometer/1.7.1/resilience4j-micrometer-1.7.1.jar:/home/joel/.m2/repository/io/opentelemetry/opentelemetry-api/1.43.0/opentelemetry-api-1.43.0.jar:/home/joel/.m2/repository/io/opentelemetry/opentelemetry-context/1.43.0/opentelemetry-context-1.43.0.jar:/home/joel/.m2/repository/io/opentelemetry/opentelemetry-semconv/1.26.0-alpha/opentelemetry-semconv-1.26.0-alpha.jar:/home/joel/.m2/repository/io/grpc/grpc-netty-shaded/1.66.0/grpc-netty-shaded-1.66.0.jar:/home/joel/.m2/repository/io/grpc/grpc-util/1.66.0/grpc-util-1.66.0.jar:/home/joel/.m2/repository/io/grpc/grpc-core/1.66.0/grpc-core-1.66.0.jar:/home/joel/.m2/repository/com/google/code/gson/gson/2.11.0/gson-2.11.0.jar:/home/joel/.m2/repository/com/google/android/annotations/4.1.1.4/annotations-4.1.1.4.jar:/home/joel/.m2/repository/io/grpc/grpc-context/1.66.0/grpc-context-1.66.0.jar:/home/joel/.m2/repository/io/perfmark/perfmark-api/0.27.0/perfmark-api-0.27.0.jar:/home/joel/.m2/repository/io/grpc/grpc-api/1.66.0/grpc-api-1.66.0.jar:/home/joel/.m2/repository/io/grpc/grpc-protobuf/1.66.0/grpc-protobuf-1.66.0.jar:/home/joel/.m2/repository/com/google/api/grpc/proto-google-common-protos/2.41.0/proto-google-common-protos-2.41.0.jar:/home/joel/.m2/repository/io/grpc/grpc-protobuf-lite/1.66.0/grpc-protobuf-lite-1.66.0.jar:/home/joel/.m2/repository/io/grpc/grpc-stub/1.66.0/grpc-stub-1.66.0.jar:/home/joel/.m2/repository/io/micrometer/micrometer-registry-prometheus/1.14.5/micrometer-registry-prometheus-1.14.5.jar:/home/joel/.m2/repository/io/prometheus/prometheus-metrics-core/1.3.6/prometheus-metrics-core-1.3.6.jar:/home/joel/.m2/repository/io/prometheus/prometheus-metrics-model/1.3.6/prometheus-metrics-model-1.3.6.jar:/home/joel/.m2/repository/io/prometheus/prometheus-metrics-config/1.3.6/prometheus-metrics-config-1.3.6.jar:/home/joel/.m2/repository/io/prometheus/prometheus-metrics-tracer-common/1.3.6/prometheus-metrics-tracer-common-1.3.6.jar:/home/joel/.m2/repository/io/prometheus/prometheus-metrics-exposition-formats/1.3.6/prometheus-metrics-exposition-formats-1.3.6.jar:/home/joel/.m2/repository/io/prometheus/prometheus-metrics-exposition-textformats/1.3.6/prometheus-metrics-exposition-textformats-1.3.6.jar:/home/joel/.m2/repository/io/prometheus/simpleclient/0.16.0/simpleclient-0.16.0.jar:/home/joel/.m2/repository/io/prometheus/simpleclient_tracer_otel/0.16.0/simpleclient_tracer_otel-0.16.0.jar:/home/joel/.m2/repository/io/prometheus/simpleclient_tracer_common/0.16.0/simpleclient_tracer_common-0.16.0.jar:/home/joel/.m2/repository/io/prometheus/simpleclient_tracer_otel_agent/0.16.0/simpleclient_tracer_otel_agent-0.16.0.jar:/home/joel/.m2/repository/io/prometheus/simpleclient_guava/0.16.0/simpleclient_guava-0.16.0.jar:/home/joel/.m2/repository/javax/annotation/javax.annotation-api/1.3.2/javax.annotation-api-1.3.2.jar:/home/joel/.m2/repository/javax/measure/unit-api/1.0/unit-api-1.0.jar:/home/joel/.m2/repository/net/loomchild/segment/2.0.1/segment-2.0.1.jar:/home/joel/.m2/repository/org/apache/commons/commons-pool2/2.12.1/commons-pool2-2.12.1.jar:/home/joel/.m2/repository/org/apache/commons/commons-text/1.10.0/commons-text-1.10.0.jar:/home/joel/.m2/repository/org/apache/lucene/lucene-backward-codecs/5.5.5/lucene-backward-codecs-5.5.5.jar:/home/joel/.m2/repository/org/carrot2/morfologik-fsa/2.1.9/morfologik-fsa-2.1.9.jar:/home/joel/.m2/repository/org/carrot2/morfologik-fsa-builders/2.1.9/morfologik-fsa-builders-2.1.9.jar:/home/joel/.m2/repository/org/carrot2/morfologik-speller/2.1.9/morfologik-speller-2.1.9.jar:/home/joel/.m2/repository/org/carrot2/morfologik-stemming/2.1.9/morfologik-stemming-2.1.9.jar:/home/joel/.m2/repository/org/jetbrains/annotations/20.1.0/annotations-20.1.0.jar:/home/joel/.m2/repository/it/unimi/dsi/fastutil-core/8.5.12/fastutil-core-8.5.12.jar:/home/joel/.m2/repository/org/json/json/20231013/json-20231013.jar:/home/joel/.m2/repository/tech/units/indriya/1.3/indriya-1.3.jar:/home/joel/.m2/repository/tech/uom/lib/uom-lib-common/1.1/uom-lib-common-1.1.jar:/home/joel/.m2/repository/edu/washington/cs/knowitall/openregex/1.1.1/openregex-1.1.1.jar:/home/joel/.m2/repository/io/github/java-diff-utils/java-diff-utils/4.12/java-diff-utils-4.12.jar:/home/joel/.m2/repository/org/apache/commons/commons-lang3/3.17.0/commons-lang3-3.17.0.jar:"/>
    <property name="sun.cpu.endian" value="little"/>
    <property name="user.home" value="/home/joel"/>
    <property name="user.language" value="en"/>
    <property name="java.specification.vendor" value="Oracle Corporation"/>
    <property name="java.version.date" value="2025-04-15"/>
    <property name="java.home" value="/usr/lib/jvm/java-17-openjdk-amd64"/>
    <property name="file.separator" value="/"/>
    <property name="basedir" value="/home/joel/HIT/HIT 400/Prototype/practice_pal_engine"/>
    <property name="java.vm.compressedOopsMode" value="Zero based"/>
    <property name="line.separator" value="&#10;"/>
    <property name="java.vm.specification.vendor" value="Oracle Corporation"/>
    <property name="java.specification.name" value="Java Platform API Specification"/>
    <property name="surefire.real.class.path" value="/home/joel/HIT/HIT 400/Prototype/practice_pal_engine/target/surefire/surefirebooter-20250508123309966_3.jar"/>
    <property name="sun.management.compiler" value="HotSpot 64-Bit Tiered Compilers"/>
    <property name="java.runtime.version" value="17.0.15+6-Ubuntu-0ubuntu122.04"/>
    <property name="user.name" value="joel"/>
    <property name="path.separator" value=":"/>
    <property name="os.version" value="6.8.0-58-generic"/>
    <property name="java.runtime.name" value="OpenJDK Runtime Environment"/>
    <property name="file.encoding" value="UTF-8"/>
    <property name="java.vm.name" value="OpenJDK 64-Bit Server VM"/>
    <property name="localRepository" value="/home/joel/.m2/repository"/>
    <property name="java.vendor.url.bug" value="https://bugs.launchpad.net/ubuntu/+source/openjdk-17"/>
    <property name="java.io.tmpdir" value="/tmp"/>
    <property name="idea.version" value="2024.3.1.1"/>
    <property name="java.version" value="17.0.15"/>
    <property name="user.dir" value="/home/joel/HIT/HIT 400/Prototype/practice_pal_engine"/>
    <property name="os.arch" value="amd64"/>
    <property name="java.vm.specification.name" value="Java Virtual Machine Specification"/>
    <property name="native.encoding" value="UTF-8"/>
    <property name="java.library.path" value="/usr/java/packages/lib:/usr/lib/x86_64-linux-gnu/jni:/lib/x86_64-linux-gnu:/usr/lib/x86_64-linux-gnu:/usr/lib/jni:/lib:/usr/lib"/>
    <property name="java.vm.info" value="mixed mode, sharing"/>
    <property name="java.vendor" value="Ubuntu"/>
    <property name="java.vm.version" value="17.0.15+6-Ubuntu-0ubuntu122.04"/>
    <property name="java.specification.maintenance.version" value="1"/>
    <property name="sun.io.unicode.encoding" value="UnicodeLittle"/>
    <property name="java.class.version" value="61.0"/>
  </properties>
  <testcase name="contextLoads" classname="com.capstone.practice_pal_engine.PracticePalEngineApplicationTests" time="0.016"/>
</testsuite>